<?xml version="1.0" encoding="UTF-8" ?>
<testsuite tests="1" failures="0" name="com.lyx.arithmetic.utils.QuestionUtilsTest" time="0.003" errors="0" skipped="0">
  <properties>
    <property name="idea.version" value="2020.2.3"/>
    <property name="java.runtime.name" value="Java(TM) SE Runtime Environment"/>
    <property name="sun.boot.library.path" value="D:\Java\jdk1.8.0_311\jre\bin"/>
    <property name="java.vm.version" value="25.311-b11"/>
    <property name="java.vm.vendor" value="Oracle Corporation"/>
    <property name="maven.multiModuleProjectDirectory" value="D:\IdeaTestProject\Four-Arithmetic-Operations"/>
    <property name="java.vendor.url" value="http://java.oracle.com/"/>
    <property name="path.separator" value=";"/>
    <property name="guice.disable.misplaced.annotation.check" value="true"/>
    <property name="java.vm.name" value="Java HotSpot(TM) 64-Bit Server VM"/>
    <property name="file.encoding.pkg" value="sun.io"/>
    <property name="user.script" value=""/>
    <property name="user.country" value="CN"/>
    <property name="sun.java.launcher" value="SUN_STANDARD"/>
    <property name="sun.os.patch.level" value=""/>
    <property name="java.vm.specification.name" value="Java Virtual Machine Specification"/>
    <property name="user.dir" value="D:\IdeaTestProject\Four-Arithmetic-Operations"/>
    <property name="java.runtime.version" value="1.8.0_311-b11"/>
    <property name="java.awt.graphicsenv" value="sun.awt.Win32GraphicsEnvironment"/>
    <property name="java.endorsed.dirs" value="D:\Java\jdk1.8.0_311\jre\lib\endorsed"/>
    <property name="os.arch" value="amd64"/>
    <property name="java.io.tmpdir" value="C:\Users\FORGET~1\AppData\Local\Temp\"/>
    <property name="line.separator" value="
"/>
    <property name="java.vm.specification.vendor" value="Oracle Corporation"/>
    <property name="user.variant" value=""/>
    <property name="os.name" value="Windows 10"/>
    <property name="maven.ext.class.path" value="D:\IntelliJ IDEA 2020.2.3\plugins\maven\lib\maven-event-listener.jar"/>
    <property name="classworlds.conf" value="D:\IntelliJ IDEA 2020.2.3\plugins\maven\lib\maven3\bin\m2.conf"/>
    <property name="sun.jnu.encoding" value="GBK"/>
    <property name="java.library.path" value="D:\Java\jdk1.8.0_311\bin;C:\WINDOWS\Sun\Java\bin;C:\WINDOWS\system32;C:\WINDOWS;&quot;D:\Java\jdk1.8.0_311\bin;C:\Program Files (x86)\Common Files\Oracle\Java\javapath;D:\mysql-8.0.27-winx64\bin&quot;;C:\WINDOWS\system32;C:\WINDOWS;C:\WINDOWS\System32\Wbem;C:\WINDOWS\System32\WindowsPowerShell\v1.0\;C:\WINDOWS\System32\OpenSSH\;D:\Java\jdk1.8.0_311\bin;D:\Java\jdk1.8.0_311\jre\bin;D:\mysql-8.0.27-winx64\bin;D:\program\Maven\apache-maven-3.6.3-bin\apache-maven-3.6.3\bin;D:\program\Xshell\;D:\program\mingw32\bin;&quot;D:\program\tomcat\apache-tomcat-8.0.50\lib;D:\program\tomcat\apache-tomcat-8.0.50\bin&quot;;D:\program\;D:\program\GO\bin;D:\program\node-v13.14.0-win-x64\;%NODE_PATH%;C:\Users\forget1734\AppData\Local\Microsoft\WindowsApps;C:\Program Files\Bandizip\;D:\IntelliJ IDEA Community Edition 2021.3.1\bin;;D:\program\Maven\apache-maven-3.6.3-bin\apache-maven-3.6.3\bin;C:\Program Files (x86)\Tencent\QQGameTempest\Hall.57938\;D:\program\Microsoft VS Code\bin;C:\Users\forget1734\go\bin;C:\Users\forget1734\AppData\Roaming\npm;D:\program\node-v13.14.0-win-x64\node_global;;."/>
    <property name="maven.conf" value="D:\IntelliJ IDEA 2020.2.3\plugins\maven\lib\maven3/conf"/>
    <property name="java.specification.name" value="Java Platform API Specification"/>
    <property name="java.class.version" value="52.0"/>
    <property name="sun.management.compiler" value="HotSpot 64-Bit Tiered Compilers"/>
    <property name="os.version" value="10.0"/>
    <property name="user.home" value="C:\Users\forget1734"/>
    <property name="user.timezone" value="Asia/Shanghai"/>
    <property name="java.awt.printerjob" value="sun.awt.windows.WPrinterJob"/>
    <property name="java.specification.version" value="1.8"/>
    <property name="file.encoding" value="UTF-8"/>
    <property name="user.name" value="forget1734"/>
    <property name="java.class.path" value="D:\IntelliJ IDEA 2020.2.3\plugins\maven\lib\maven3\boot\plexus-classworlds-2.6.0.jar;D:\IntelliJ IDEA 2020.2.3\plugins\maven\lib\maven3\boot\plexus-classworlds.license;D:\IntelliJ IDEA 2020.2.3\lib\idea_rt.jar"/>
    <property name="java.vm.specification.version" value="1.8"/>
    <property name="sun.arch.data.model" value="64"/>
    <property name="java.home" value="D:\Java\jdk1.8.0_311\jre"/>
    <property name="sun.java.command" value="org.codehaus.classworlds.Launcher -Didea.version=2020.2.3 package"/>
    <property name="java.specification.vendor" value="Oracle Corporation"/>
    <property name="user.language" value="zh"/>
    <property name="awt.toolkit" value="sun.awt.windows.WToolkit"/>
    <property name="java.vm.info" value="mixed mode"/>
    <property name="java.version" value="1.8.0_311"/>
    <property name="java.ext.dirs" value="D:\Java\jdk1.8.0_311\jre\lib\ext;C:\WINDOWS\Sun\Java\lib\ext"/>
    <property name="sun.boot.class.path" value="D:\Java\jdk1.8.0_311\jre\lib\resources.jar;D:\Java\jdk1.8.0_311\jre\lib\rt.jar;D:\Java\jdk1.8.0_311\jre\lib\sunrsasign.jar;D:\Java\jdk1.8.0_311\jre\lib\jsse.jar;D:\Java\jdk1.8.0_311\jre\lib\jce.jar;D:\Java\jdk1.8.0_311\jre\lib\charsets.jar;D:\Java\jdk1.8.0_311\jre\lib\jfr.jar;D:\Java\jdk1.8.0_311\jre\classes"/>
    <property name="java.vendor" value="Oracle Corporation"/>
    <property name="maven.home" value="D:\IntelliJ IDEA 2020.2.3\plugins\maven\lib\maven3"/>
    <property name="file.separator" value="\"/>
    <property name="java.vendor.url.bug" value="http://bugreport.sun.com/bugreport/"/>
    <property name="sun.cpu.endian" value="little"/>
    <property name="sun.io.unicode.encoding" value="UnicodeLittle"/>
    <property name="sun.desktop" value="windows"/>
    <property name="sun.cpu.isalist" value="amd64"/>
  </properties>
  <testcase classname="com.lyx.arithmetic.utils.QuestionUtilsTest" name="test" time="0.003"/>
</testsuite>